[25-Feb-2023 10:49:49] NOTICE: fpm is running, pid 14460
[25-Feb-2023 10:49:49] NOTICE: ready to handle connections
[25-Feb-2023 19:11:01] NOTICE: Terminating ...
[25-Feb-2023 19:11:01] NOTICE: Terminating ...
[25-Feb-2023 19:11:01] NOTICE: exiting, bye-bye!
[26-Feb-2023 14:44:37] NOTICE: fpm is running, pid 29895
[26-Feb-2023 14:44:37] NOTICE: ready to handle connections
[26-Feb-2023 18:19:55] NOTICE: Terminating ...
[26-Feb-2023 18:19:55] NOTICE: Terminating ...
[26-Feb-2023 18:19:55] NOTICE: exiting, bye-bye!
[27-Feb-2023 14:48:59] NOTICE: fpm is running, pid 31890
[27-Feb-2023 14:48:59] NOTICE: ready to handle connections
[27-Feb-2023 20:00:31] NOTICE: Terminating ...
[27-Feb-2023 20:00:31] NOTICE: Terminating ...
[27-Feb-2023 20:00:31] NOTICE: exiting, bye-bye!
[28-Feb-2023 15:57:37] NOTICE: fpm is running, pid 10690
[28-Feb-2023 15:57:37] NOTICE: ready to handle connections
[28-Feb-2023 19:09:26] NOTICE: Terminating ...
[28-Feb-2023 19:09:26] NOTICE: Terminating ...
[28-Feb-2023 19:09:26] NOTICE: exiting, bye-bye!
[01-Mar-2023 09:39:10] NOTICE: fpm is running, pid 12186
[01-Mar-2023 09:39:10] NOTICE: ready to handle connections
[01-Mar-2023 09:40:19] NOTICE: Terminating ...
[01-Mar-2023 09:40:19] NOTICE: Terminating ...
[01-Mar-2023 09:40:19] NOTICE: exiting, bye-bye!
[01-Mar-2023 14:32:16] NOTICE: fpm is running, pid 9806
[01-Mar-2023 14:32:16] NOTICE: ready to handle connections
[01-Mar-2023 18:21:20] NOTICE: Terminating ...
[01-Mar-2023 18:21:20] NOTICE: Terminating ...
[01-Mar-2023 18:21:20] NOTICE: exiting, bye-bye!
[02-Mar-2023 07:24:23] NOTICE: fpm is running, pid 4560
[02-Mar-2023 07:24:23] NOTICE: ready to handle connections
[02-Mar-2023 14:56:54] NOTICE: Terminating ...
[02-Mar-2023 14:56:54] NOTICE: exiting, bye-bye!
[02-Mar-2023 14:56:54] NOTICE: fpm is running, pid 104415
[02-Mar-2023 14:56:54] NOTICE: ready to handle connections
[02-Mar-2023 14:56:57] NOTICE: Terminating ...
[02-Mar-2023 14:56:57] NOTICE: Terminating ...
[02-Mar-2023 14:56:57] NOTICE: exiting, bye-bye!
[02-Mar-2023 14:57:02] NOTICE: fpm is running, pid 104487
[02-Mar-2023 14:57:02] NOTICE: ready to handle connections
[02-Mar-2023 17:55:21] NOTICE: Terminating ...
[02-Mar-2023 17:55:21] NOTICE: Terminating ...
[02-Mar-2023 17:55:21] NOTICE: exiting, bye-bye!
[03-Mar-2023 15:02:31] NOTICE: fpm is running, pid 29431
[03-Mar-2023 15:02:31] NOTICE: ready to handle connections
[03-Mar-2023 17:27:31] NOTICE: Terminating ...
[03-Mar-2023 17:42:41] NOTICE: fpm is running, pid 2753
[03-Mar-2023 17:42:41] NOTICE: ready to handle connections
[03-Mar-2023 19:00:04] NOTICE: Terminating ...
[03-Mar-2023 19:00:04] NOTICE: Terminating ...
[03-Mar-2023 19:00:04] NOTICE: exiting, bye-bye!
[04-Mar-2023 17:38:30] NOTICE: fpm is running, pid 75943
[04-Mar-2023 17:38:30] NOTICE: ready to handle connections
[04-Mar-2023 17:39:14] NOTICE: Terminating ...
[04-Mar-2023 17:39:14] NOTICE: Terminating ...
[04-Mar-2023 17:39:14] NOTICE: exiting, bye-bye!
[06-Mar-2023 16:26:17] NOTICE: fpm is running, pid 47882
[06-Mar-2023 16:26:17] NOTICE: ready to handle connections
[06-Mar-2023 19:27:54] NOTICE: Terminating ...
[06-Mar-2023 19:27:54] NOTICE: Terminating ...
[06-Mar-2023 19:27:54] NOTICE: exiting, bye-bye!
[07-Mar-2023 13:53:39] NOTICE: fpm is running, pid 25701
[07-Mar-2023 13:53:39] NOTICE: ready to handle connections
[08-Mar-2023 09:17:23] NOTICE: fpm is running, pid 11502
[08-Mar-2023 09:17:23] NOTICE: ready to handle connections
[08-Mar-2023 09:38:52] NOTICE: Terminating ...
[08-Mar-2023 09:38:52] NOTICE: Terminating ...
[08-Mar-2023 09:38:52] NOTICE: exiting, bye-bye!
[08-Mar-2023 10:57:28] NOTICE: fpm is running, pid 16471
[08-Mar-2023 10:57:28] NOTICE: ready to handle connections
[08-Mar-2023 13:01:48] NOTICE: Terminating ...
[08-Mar-2023 13:01:48] NOTICE: Terminating ...
[08-Mar-2023 13:01:48] NOTICE: exiting, bye-bye!
[08-Mar-2023 13:58:59] NOTICE: fpm is running, pid 50034
[08-Mar-2023 13:58:59] NOTICE: ready to handle connections
[08-Mar-2023 15:00:40] NOTICE: Terminating ...
[08-Mar-2023 15:00:40] NOTICE: Terminating ...
[08-Mar-2023 15:00:40] NOTICE: exiting, bye-bye!
[09-Mar-2023 08:45:19] NOTICE: fpm is running, pid 8540
[09-Mar-2023 08:45:19] NOTICE: ready to handle connections
[09-Mar-2023 11:27:07] NOTICE: Terminating ...
[09-Mar-2023 11:27:07] NOTICE: Terminating ...
[09-Mar-2023 11:27:07] NOTICE: exiting, bye-bye!
[09-Mar-2023 14:18:07] NOTICE: fpm is running, pid 43020
[09-Mar-2023 14:18:07] NOTICE: ready to handle connections
[09-Mar-2023 19:26:30] NOTICE: Terminating ...
[09-Mar-2023 19:26:30] NOTICE: Terminating ...
[09-Mar-2023 19:26:30] NOTICE: exiting, bye-bye!
[09-Mar-2023 20:29:53] NOTICE: fpm is running, pid 94117
[09-Mar-2023 20:29:53] NOTICE: ready to handle connections
[09-Mar-2023 20:49:34] NOTICE: Terminating ...
[09-Mar-2023 20:49:34] NOTICE: Terminating ...
[09-Mar-2023 20:49:34] NOTICE: exiting, bye-bye!
[10-Mar-2023 09:35:12] NOTICE: fpm is running, pid 3791
[10-Mar-2023 09:35:12] NOTICE: ready to handle connections
[10-Mar-2023 11:23:23] NOTICE: Terminating ...
[10-Mar-2023 11:23:23] NOTICE: Terminating ...
[10-Mar-2023 11:23:23] NOTICE: exiting, bye-bye!
[10-Mar-2023 12:25:30] NOTICE: fpm is running, pid 24025
[10-Mar-2023 12:25:30] NOTICE: ready to handle connections
[10-Mar-2023 12:39:37] NOTICE: Terminating ...
[10-Mar-2023 12:39:37] NOTICE: Terminating ...
[10-Mar-2023 12:39:37] NOTICE: exiting, bye-bye!
[10-Mar-2023 14:28:56] NOTICE: fpm is running, pid 31432
[10-Mar-2023 14:28:56] NOTICE: ready to handle connections
[10-Mar-2023 21:38:10] NOTICE: Terminating ...
[10-Mar-2023 21:38:10] NOTICE: exiting, bye-bye!
[10-Mar-2023 21:38:11] NOTICE: fpm is running, pid 81640
[10-Mar-2023 21:38:11] NOTICE: ready to handle connections
[22-Mar-2023 15:14:20] NOTICE: fpm is running, pid 22096
[22-Mar-2023 15:14:20] NOTICE: ready to handle connections
[22-Mar-2023 17:40:06] NOTICE: Terminating ...
[22-Mar-2023 17:40:06] NOTICE: Terminating ...
[22-Mar-2023 17:40:06] NOTICE: exiting, bye-bye!
[23-Mar-2023 16:21:55] NOTICE: fpm is running, pid 39660
[23-Mar-2023 16:21:55] NOTICE: ready to handle connections
[23-Mar-2023 18:07:33] NOTICE: Terminating ...
[23-Mar-2023 18:07:33] NOTICE: Terminating ...
[23-Mar-2023 18:07:33] NOTICE: exiting, bye-bye!
[25-Mar-2023 16:16:09] NOTICE: fpm is running, pid 32036
[25-Mar-2023 16:16:09] NOTICE: ready to handle connections
[25-Mar-2023 16:16:23] NOTICE: Terminating ...
[25-Mar-2023 16:16:23] NOTICE: Terminating ...
[25-Mar-2023 16:16:23] NOTICE: exiting, bye-bye!
[25-Mar-2023 16:59:41] NOTICE: fpm is running, pid 37365
[25-Mar-2023 16:59:41] NOTICE: ready to handle connections
[25-Mar-2023 17:07:21] NOTICE: Terminating ...
[25-Mar-2023 17:07:21] NOTICE: Terminating ...
[25-Mar-2023 17:07:21] NOTICE: exiting, bye-bye!
[27-Mar-2023 15:47:30] NOTICE: fpm is running, pid 13295
[27-Mar-2023 15:47:30] NOTICE: ready to handle connections
[28-Mar-2023 15:11:18] NOTICE: fpm is running, pid 12459
[28-Mar-2023 15:11:18] NOTICE: ready to handle connections
[29-Mar-2023 15:07:33] NOTICE: fpm is running, pid 29296
[29-Mar-2023 15:07:33] NOTICE: ready to handle connections
[29-Mar-2023 20:47:59] NOTICE: Terminating ...
[03-Apr-2023 14:20:26] NOTICE: fpm is running, pid 31386
[03-Apr-2023 14:20:26] NOTICE: ready to handle connections
[03-Apr-2023 14:29:20] NOTICE: Terminating ...
[03-Apr-2023 14:29:20] NOTICE: Terminating ...
[03-Apr-2023 14:29:20] NOTICE: exiting, bye-bye!
[13-Sep-2023 16:14:52] NOTICE: fpm is running, pid 57552
[13-Sep-2023 16:14:52] NOTICE: ready to handle connections
[15-Dec-2023 10:02:27] NOTICE: fpm is running, pid 6765
[15-Dec-2023 10:02:27] NOTICE: ready to handle connections
[15-Dec-2023 10:03:37] NOTICE: Terminating ...
[15-Dec-2023 10:03:37] NOTICE: Terminating ...
[15-Dec-2023 10:03:37] NOTICE: exiting, bye-bye!
[15-Dec-2023 10:03:45] NOTICE: fpm is running, pid 7290
[15-Dec-2023 10:03:45] NOTICE: ready to handle connections
[15-Dec-2023 10:04:02] NOTICE: Terminating ...
[15-Dec-2023 10:04:02] NOTICE: Terminating ...
[15-Dec-2023 10:04:02] NOTICE: exiting, bye-bye!
[24-Feb-2024 18:51:42] NOTICE: fpm is running, pid 14404
[24-Feb-2024 18:51:42] NOTICE: ready to handle connections
[24-Feb-2024 18:52:29] NOTICE: fpm is running, pid 14683
[24-Feb-2024 18:52:29] NOTICE: ready to handle connections
[24-Feb-2024 18:52:30] NOTICE: Terminating ...
[24-Feb-2024 18:52:30] NOTICE: Terminating ...
[24-Feb-2024 18:52:30] NOTICE: exiting, bye-bye!
[24-Feb-2024 18:52:33] NOTICE: fpm is running, pid 14747
[24-Feb-2024 18:52:33] NOTICE: ready to handle connections
[24-Feb-2024 18:53:34] NOTICE: Terminating ...
[24-Feb-2024 18:53:34] NOTICE: Terminating ...
[24-Feb-2024 18:53:34] NOTICE: exiting, bye-bye!
